2025-10-26T17:54:25.829+05:00  INFO 22755 --- [main] org.example.server.ServerApplication     : Starting ServerApplication using Java 23.0.2 with PID 22755 (/home/linux/IdeaProjects/Cars_rent/server/target/classes started by linux in /home/linux/IdeaProjects/Cars_rent)
2025-10-26T17:54:25.830+05:00 DEBUG 22755 --- [main] org.example.server.ServerApplication     : Running with Spring Boot v3.5.6, Spring v6.2.11
2025-10-26T17:54:25.831+05:00  INFO 22755 --- [main] org.example.server.ServerApplication     : No active profile set, falling back to 1 default profile: "default"
2025-10-26T17:54:26.294+05:00  INFO 22755 --- [main] .s.d.r.c.RepositoryConfigurationDelegate : Bootstrapping Spring Data JPA repositories in DEFAULT mode.
2025-10-26T17:54:26.335+05:00  INFO 22755 --- [main] .s.d.r.c.RepositoryConfigurationDelegate : Finished Spring Data repository scanning in 34 ms. Found 7 JPA repository interfaces.
2025-10-26T17:54:27.074+05:00  INFO 22755 --- [main] o.s.b.w.embedded.tomcat.TomcatWebServer  : Tomcat initialized with port 8080 (http)
2025-10-26T17:54:27.085+05:00  INFO 22755 --- [main] o.apache.catalina.core.StandardService   : Starting service [Tomcat]
2025-10-26T17:54:27.085+05:00  INFO 22755 --- [main] o.apache.catalina.core.StandardEngine    : Starting Servlet engine: [Apache Tomcat/10.1.46]
2025-10-26T17:54:27.123+05:00  INFO 22755 --- [main] o.a.c.c.C.[Tomcat].[localhost].[/]       : Initializing Spring embedded WebApplicationContext
2025-10-26T17:54:27.124+05:00  INFO 22755 --- [main] w.s.c.ServletWebServerApplicationContext : Root WebApplicationContext: initialization completed in 1227 ms
2025-10-26T17:54:27.275+05:00  INFO 22755 --- [main] com.zaxxer.hikari.HikariDataSource       : HikariPool-1 - Starting...
2025-10-26T17:54:27.542+05:00  INFO 22755 --- [main] com.zaxxer.hikari.pool.HikariPool        : HikariPool-1 - Added connection org.postgresql.jdbc.PgConnection@6736f40f
2025-10-26T17:54:27.543+05:00  INFO 22755 --- [main] com.zaxxer.hikari.HikariDataSource       : HikariPool-1 - Start completed.
2025-10-26T17:54:27.635+05:00  INFO 22755 --- [main] liquibase.database                       : Set default schema name to public
2025-10-26T17:54:27.809+05:00  INFO 22755 --- [main] liquibase.changelog                      : Reading from public.databasechangelog
2025-10-26T17:54:27.866+05:00  INFO 22755 --- [main] liquibase.ui                             : Database is up to date, no changesets to execute
2025-10-26T17:54:27.869+05:00  INFO 22755 --- [main] liquibase.changelog                      : Reading from public.databasechangelog
2025-10-26T17:54:27.882+05:00  INFO 22755 --- [main] liquibase.util                           : UPDATE SUMMARY
2025-10-26T17:54:27.882+05:00  INFO 22755 --- [main] liquibase.util                           : Run:                          0
2025-10-26T17:54:27.882+05:00  INFO 22755 --- [main] liquibase.util                           : Previously run:              13
2025-10-26T17:54:27.882+05:00  INFO 22755 --- [main] liquibase.util                           : Filtered out:                 0
2025-10-26T17:54:27.882+05:00  INFO 22755 --- [main] liquibase.util                           : -------------------------------
2025-10-26T17:54:27.882+05:00  INFO 22755 --- [main] liquibase.util                           : Total change sets:           13
2025-10-26T17:54:27.883+05:00  INFO 22755 --- [main] liquibase.util                           : Update summary generated
2025-10-26T17:54:27.884+05:00  INFO 22755 --- [main] liquibase.command                        : Command execution complete
2025-10-26T17:54:29.357+05:00  INFO 22755 --- [main] o.hibernate.jpa.internal.util.LogHelper  : HHH000204: Processing PersistenceUnitInfo [name: default]
2025-10-26T17:54:29.391+05:00  INFO 22755 --- [main] org.hibernate.Version                    : HHH000412: Hibernate ORM core version 6.6.29.Final
2025-10-26T17:54:29.412+05:00  INFO 22755 --- [main] o.h.c.internal.RegionFactoryInitiator    : HHH000026: Second-level cache disabled
2025-10-26T17:54:29.590+05:00  INFO 22755 --- [main] o.s.o.j.p.SpringPersistenceUnitInfo      : No LoadTimeWeaver setup: ignoring JPA class transformer
2025-10-26T17:54:29.635+05:00  INFO 22755 --- [main] org.hibernate.orm.connections.pooling    : HHH10001005: Database info:
	Database JDBC URL [Connecting through datasource 'HikariDataSource (HikariPool-1)']
	Database driver: undefined/unknown
	Database version: 16.10
	Autocommit mode: undefined/unknown
	Isolation level: undefined/unknown
	Minimum pool size: undefined/unknown
	Maximum pool size: undefined/unknown
2025-10-26T17:54:30.351+05:00  INFO 22755 --- [main] o.h.e.t.j.p.i.JtaPlatformInitiator       : HHH000489: No JTA platform available (set 'hibernate.transaction.jta.platform' to enable JTA platform integration)
2025-10-26T17:54:30.352+05:00  INFO 22755 --- [main] j.LocalContainerEntityManagerFactoryBean : Initialized JPA EntityManagerFactory for persistence unit 'default'
2025-10-26T17:54:30.533+05:00  INFO 22755 --- [main] o.s.d.j.r.query.QueryEnhancerFactory     : Hibernate is in classpath; If applicable, HQL parser will be used.
2025-10-26T17:54:30.860+05:00 DEBUG 22755 --- [main] o.e.s.security.JwtAuthenticationFilter   : Filter 'jwtAuthenticationFilter' configured for use
2025-10-26T17:54:30.927+05:00  INFO 22755 --- [main] r$InitializeUserDetailsManagerConfigurer : Global AuthenticationManager configured with UserDetailsService bean with name customUserDetailsService
2025-10-26T17:54:31.069+05:00  WARN 22755 --- [main] JpaBaseConfiguration$JpaWebConfiguration : spring.jpa.open-in-view is enabled by default. Therefore, database queries may be performed during view rendering. Explicitly configure spring.jpa.open-in-view to disable this warning
2025-10-26T17:54:31.257+05:00 DEBUG 22755 --- [main] o.s.s.web.DefaultSecurityFilterChain     : Will secure any request with filters: DisableEncodeUrlFilter, WebAsyncManagerIntegrationFilter, SecurityContextHolderFilter, HeaderWriterFilter, CorsFilter, LogoutFilter, JwtAuthenticationFilter, RequestCacheAwareFilter, SecurityContextHolderAwareRequestFilter, AnonymousAuthenticationFilter, SessionManagementFilter, ExceptionTranslationFilter, AuthorizationFilter
2025-10-26T17:54:31.471+05:00  WARN 22755 --- [main] o.s.b.a.f.FreeMarkerAutoConfiguration    : Cannot find template location: [classpath:/templates/] (please add some templates, check your FreeMarker configuration, or set spring.freemarker.check-template-location=false)
2025-10-26T17:54:31.531+05:00  INFO 22755 --- [main] o.s.b.w.embedded.tomcat.TomcatWebServer  : Tomcat started on port 8080 (http) with context path '/'
2025-10-26T17:54:31.538+05:00  INFO 22755 --- [main] org.example.server.ServerApplication     : Started ServerApplication in 6.199 seconds (process running for 6.568)
2025-10-26T17:56:46.306+05:00  INFO 22755 --- [SpringApplicationShutdownHook] o.s.b.w.e.tomcat.GracefulShutdown        : Commencing graceful shutdown. Waiting for active requests to complete
2025-10-26T17:56:46.308+05:00  INFO 22755 --- [tomcat-shutdown] o.s.b.w.e.tomcat.GracefulShutdown        : Graceful shutdown complete
2025-10-26T17:56:46.314+05:00  INFO 22755 --- [SpringApplicationShutdownHook] j.LocalContainerEntityManagerFactoryBean : Closing JPA EntityManagerFactory for persistence unit 'default'
2025-10-26T17:56:46.316+05:00  INFO 22755 --- [SpringApplicationShutdownHook] com.zaxxer.hikari.HikariDataSource       : HikariPool-1 - Shutdown initiated...
2025-10-26T17:56:46.323+05:00  INFO 22755 --- [SpringApplicationShutdownHook] com.zaxxer.hikari.HikariDataSource       : HikariPool-1 - Shutdown completed.
